# configure exec: ./configure --prefix=/home/manish/kafkastuff/node_modules/node-rdkafka/build/deps --libdir=/home/manish/kafkastuff/node_modules/node-rdkafka/build/deps --prefix=/home/manish/kafkastuff/node_modules/node-rdkafka/build/deps --libdir=/home/manish/kafkastuff/node_modules/node-rdkafka/build/deps
# On Tue Jun  2 16:21:55 BST 2020
DBG 3336: Setting distro (distro) status to ok (action ignore)
DBG 3336: ccenv: WITH_CC:  --version failed: mklove/modules/configure.base: line 1711: --version: command not found
DBG 3336: Setting ccenv (ccenv) status to failed (action cont)
DBG 3336: Check ccenv (WITH_CC, action cont (originally cont)) failed: command ' --version' failed:
mklove/modules/configure.base: line 1711: --version: command not found
DBG 3336: Setting gcc (gcc) status to ok (action cont)
DBG 3336: cxxenv: WITH_CXX:  --version failed: mklove/modules/configure.base: line 1711: --version: command not found
DBG 3336: Setting cxxenv (cxxenv) status to failed (action cont)
DBG 3336: Check cxxenv (WITH_CXX, action cont (originally cont)) failed: command ' --version' failed:
mklove/modules/configure.base: line 1711: --version: command not found
DBG 3336: Setting gxx (gxx) status to ok (action cont)
DBG 3336: Setting ld (ld) status to ok (action disable)
DBG 3336: Setting nm (nm) status to ok (action disable)
DBG 3336: Setting objdump (objdump) status to ok (action disable)
DBG 3336: Setting strip (strip) status to ok (action disable)
DBG 3336: pkgconfig: WITH_PKGCONFIG: pkg-config --version failed: mklove/modules/configure.base: line 1711: pkg-config: command not found
DBG 3336: Setting pkgconfig (pkgconfig) status to failed (action cont)
DBG 3336: Check pkgconfig (WITH_PKGCONFIG, action cont (originally cont)) failed: command 'pkg-config --version' failed:
mklove/modules/configure.base: line 1711: pkg-config: command not found
DBG 3336: Setting install (install) status to ok (action cont)
DBG 3336: Compile check PIC (HAVE_PIC) (sub=0): gcc  -g -O2 -Wall -Werror _mkltmpuPPBhl.c -o _mkltmpuPPBhl.c.o  -L/home/manish/kafkastuff/node_modules/node-rdkafka/build/deps -fPIC
DBG 3336: Setting PIC (PIC) status to ok (action disable)
DBG 3336: Compile check gnulib (WITH_GNULD) (sub=0): gcc  -g -O2 -fPIC -Wall -Werror _mkltmp3O5860.c -o _mkltmp3O5860.c.o  -L/home/manish/kafkastuff/node_modules/node-rdkafka/build/deps -shared -Wl,-soname,mkltest.0
DBG 3336: Setting gnulib (gnulib) status to ok (action cont)
DBG 3336: Compile check ldsflagvs () (sub=0): gcc  -g -O2 -fPIC -Wall -Werror _mkltmp5s2lnN.c -o _mkltmp5s2lnN.c.o  -L/home/manish/kafkastuff/node_modules/node-rdkafka/build/deps -shared -Wl,--version-script=_mkltmpYQssZQ
DBG 3336: Setting ldsflagvs (ldsflagvs) status to ok (action cont)
DBG 3336: Compile check __atomic_32 (HAVE_ATOMICS_32) (sub=0): gcc  -g -O2 -fPIC -Wall -Werror _mkltmp3yZk7e.c -o _mkltmp3yZk7e.c.o  -L/home/manish/kafkastuff/node_modules/node-rdkafka/build/deps 
DBG 3336: Setting __atomic_32 (__atomic_32) status to ok (action cont)
DBG 3336: Compile check __atomic_64 (HAVE_ATOMICS_64) (sub=0): gcc  -g -O2 -fPIC -Wall -Werror _mkltmpxf7kLk.c -o _mkltmpxf7kLk.c.o  -L/home/manish/kafkastuff/node_modules/node-rdkafka/build/deps 
DBG 3336: Setting __atomic_64 (__atomic_64) status to ok (action cont)
DBG 3336: Compile check socket () (sub=0): gcc  -g -O2 -fPIC -Wall -Wsign-compare -Wfloat-equal -Wpointer-arith -Wcast-align -Wall -Werror _mkltmpPu2uqE.c -o _mkltmpPu2uqE.c.o  -L/home/manish/kafkastuff/node_modules/node-rdkafka/build/deps 
DBG 3336: Setting socket (socket) status to ok (action cont)
DBG 3336: Setting parseversion (parseversion) status to ok (action cont)
DBG 3336: librt: Check for static library (libs -lrt, arfile variable STATIC_LIB_librt=, static filenames )
DBG 3336: Compile check librt () (sub=0): gcc  -g -O2 -fPIC -Wall -Wsign-compare -Wfloat-equal -Wpointer-arith -Wcast-align -Wall -Werror _mkltmp8hduWJ.c -o _mkltmp8hduWJ.c.o  -L/home/manish/kafkastuff/node_modules/node-rdkafka/build/deps -lrt
DBG 3336: Setting librt (librt) status to ok (action cont)
DBG 3336: librt: from lib_check: LIBS: prepend -lrt
DBG 3336: libpthread: Check for static library (libs -lpthread, arfile variable STATIC_LIB_libpthread=, static filenames )
DBG 3336: Compile check libpthread () (sub=0): gcc  -g -O2 -fPIC -Wall -Wsign-compare -Wfloat-equal -Wpointer-arith -Wcast-align -Wall -Werror _mkltmpV6XudR.c -o _mkltmpV6XudR.c.o  -L/home/manish/kafkastuff/node_modules/node-rdkafka/build/deps -lpthread
DBG 3336: Setting libpthread (libpthread) status to ok (action fail)
DBG 3336: libpthread: from lib_check: LIBS: prepend -lpthread
DBG 3336: c11threads: Check for static library (libs -lpthread -lrt, arfile variable STATIC_LIB_c11threads=, static filenames )
DBG 3336: Compile check c11threads (WITH_C11THREADS) (sub=0): gcc  -g -O2 -fPIC -Wall -Wsign-compare -Wfloat-equal -Wpointer-arith -Wcast-align -Wall -Werror _mkltmpSPLDFW.c -o _mkltmpSPLDFW.c.o  -L/home/manish/kafkastuff/node_modules/node-rdkafka/build/deps -lpthread -lrt
DBG 3336: Setting c11threads (c11threads) status to ok (action disable)
DBG 3336: c11threads: from lib_check: LIBS: prepend -lpthread -lrt
DBG 3336: libdl: Check for static library (libs -ldl, arfile variable STATIC_LIB_libdl=, static filenames )
DBG 3336: Compile check libdl (WITH_LIBDL) (sub=0): gcc  -g -O2 -fPIC -Wall -Wsign-compare -Wfloat-equal -Wpointer-arith -Wcast-align -Wall -Werror _mkltmp3zfrOr.c -o _mkltmp3zfrOr.c.o  -L/home/manish/kafkastuff/node_modules/node-rdkafka/build/deps -ldl
DBG 3336: Setting libdl (libdl) status to ok (action disable)
DBG 3336: libdl: from lib_check: LIBS: prepend -ldl
DBG 3336: zlib: Check for static library (libs -lz, arfile variable STATIC_LIB_zlib=, static filenames libz.a)
DBG 3336: Compile check zlib (WITH_ZLIB) (sub=0): gcc  -g -O2 -fPIC -Wall -Wsign-compare -Wfloat-equal -Wpointer-arith -Wcast-align -Wall -Werror _mkltmpx9aqvN.c -o _mkltmpx9aqvN.c.o  -L/home/manish/kafkastuff/node_modules/node-rdkafka/build/deps -lz
DBG 3336: compile check for zlib (WITH_ZLIB) failed: gcc  -g -O2 -fPIC -Wall -Wsign-compare -Wfloat-equal -Wpointer-arith -Wcast-align -Wall -Werror _mkltmpx9aqvN.c -o _mkltmpx9aqvN.c.o  -L/home/manish/kafkastuff/node_modules/node-rdkafka/build/deps -lz: _mkltmpx9aqvN.c:1:10: fatal error: zlib.h: No such file or directory
    1 | #include <zlib.h>
      |          ^~~~~~~~
compilation terminated.
DBG 3336: Setting zlib (zlib) status to failed (action disable)
DBG 3336: Check zlib (WITH_ZLIB, action disable (originally disable)) failed: compile check failed:
CC: CC
flags: -lz
gcc  -g -O2 -fPIC -Wall -Wsign-compare -Wfloat-equal -Wpointer-arith -Wcast-align -Wall -Werror _mkltmpx9aqvN.c -o _mkltmpx9aqvN.c.o  -L/home/manish/kafkastuff/node_modules/node-rdkafka/build/deps -lz:
_mkltmpx9aqvN.c:1:10: fatal error: zlib.h: No such file or directory
    1 | #include <zlib.h>
      |          ^~~~~~~~
compilation terminated.
source: #include <zlib.h>
DBG 3336: libcrypto: Check for static library (libs -lcrypto, arfile variable STATIC_LIB_libcrypto=, static filenames libcrypto.a)
DBG 3336: Compile check libcrypto () (sub=0): gcc  -g -O2 -fPIC -Wall -Wsign-compare -Wfloat-equal -Wpointer-arith -Wcast-align -Wall -Werror _mkltmpxm8keR.c -o _mkltmpxm8keR.c.o  -L/home/manish/kafkastuff/node_modules/node-rdkafka/build/deps -lcrypto
DBG 3336: Setting libcrypto (libcrypto) status to ok (action disable)
DBG 3336: libcrypto: from lib_check: LIBS: prepend -lcrypto
DBG 3336: libssl: Check for static library (libs -lssl -lcrypto, arfile variable STATIC_LIB_libssl=, static filenames libssl.a)
DBG 3336: Compile check libssl (WITH_SSL) (sub=0): gcc  -g -O2 -fPIC -Wall -Wsign-compare -Wfloat-equal -Wpointer-arith -Wcast-align -Wall -Werror _mkltmpIJap6R.c -o _mkltmpIJap6R.c.o  -L/home/manish/kafkastuff/node_modules/node-rdkafka/build/deps -lssl -lcrypto
DBG 3336: Setting libssl (libssl) status to ok (action disable)
DBG 3336: libssl: from lib_check: LIBS: prepend -lssl -lcrypto
DBG 3336: libsasl2: Check for static library (libs -lsasl2, arfile variable STATIC_LIB_libsasl2=, static filenames )
DBG 3336: Compile check libsasl2 (WITH_SASL_CYRUS) (sub=0): gcc  -g -O2 -fPIC -Wall -Wsign-compare -Wfloat-equal -Wpointer-arith -Wcast-align -Wall -Werror _mkltmpxqrebP.c -o _mkltmpxqrebP.c.o  -L/home/manish/kafkastuff/node_modules/node-rdkafka/build/deps -lsasl2
DBG 3336: compile check for libsasl2 (WITH_SASL_CYRUS) failed: gcc  -g -O2 -fPIC -Wall -Wsign-compare -Wfloat-equal -Wpointer-arith -Wcast-align -Wall -Werror _mkltmpxqrebP.c -o _mkltmpxqrebP.c.o  -L/home/manish/kafkastuff/node_modules/node-rdkafka/build/deps -lsasl2: _mkltmpxqrebP.c:1:10: fatal error: sasl/sasl.h: No such file or directory
    1 | #include <sasl/sasl.h>
      |          ^~~~~~~~~~~~~
compilation terminated.
DBG 3336: Setting libsasl2 (libsasl2) status to failed (action disable)
DBG 3336: Check libsasl2 (WITH_SASL_CYRUS, action disable (originally disable)) failed: compile check failed:
CC: CC
flags: -lsasl2
gcc  -g -O2 -fPIC -Wall -Wsign-compare -Wfloat-equal -Wpointer-arith -Wcast-align -Wall -Werror _mkltmpxqrebP.c -o _mkltmpxqrebP.c.o  -L/home/manish/kafkastuff/node_modules/node-rdkafka/build/deps -lsasl2:
_mkltmpxqrebP.c:1:10: fatal error: sasl/sasl.h: No such file or directory
    1 | #include <sasl/sasl.h>
      |          ^~~~~~~~~~~~~
compilation terminated.
source: #include <sasl/sasl.h>
DBG 3336: libsasl: Check for static library (libs -lsasl, arfile variable STATIC_LIB_libsasl=, static filenames )
DBG 3336: Compile check libsasl (WITH_SASL_CYRUS) (sub=0): gcc  -g -O2 -fPIC -Wall -Wsign-compare -Wfloat-equal -Wpointer-arith -Wcast-align -Wall -Werror _mkltmp0BYtDF.c -o _mkltmp0BYtDF.c.o  -L/home/manish/kafkastuff/node_modules/node-rdkafka/build/deps -lsasl
DBG 3336: compile check for libsasl (WITH_SASL_CYRUS) failed: gcc  -g -O2 -fPIC -Wall -Wsign-compare -Wfloat-equal -Wpointer-arith -Wcast-align -Wall -Werror _mkltmp0BYtDF.c -o _mkltmp0BYtDF.c.o  -L/home/manish/kafkastuff/node_modules/node-rdkafka/build/deps -lsasl: _mkltmp0BYtDF.c:1:10: fatal error: sasl/sasl.h: No such file or directory
    1 | #include <sasl/sasl.h>
      |          ^~~~~~~~~~~~~
compilation terminated.
DBG 3336: Setting libsasl (libsasl) status to failed (action disable)
DBG 3336: Check libsasl (WITH_SASL_CYRUS, action disable (originally disable)) failed: compile check failed:
CC: CC
flags: -lsasl
gcc  -g -O2 -fPIC -Wall -Wsign-compare -Wfloat-equal -Wpointer-arith -Wcast-align -Wall -Werror _mkltmp0BYtDF.c -o _mkltmp0BYtDF.c.o  -L/home/manish/kafkastuff/node_modules/node-rdkafka/build/deps -lsasl:
_mkltmp0BYtDF.c:1:10: fatal error: sasl/sasl.h: No such file or directory
    1 | #include <sasl/sasl.h>
      |          ^~~~~~~~~~~~~
compilation terminated.
source: #include <sasl/sasl.h>
DBG 3336: libzstd: Check for static library (libs -lzstd, arfile variable STATIC_LIB_libzstd=, static filenames libzstd.a)
DBG 3336: Compile check libzstd (WITH_ZSTD) (sub=0): gcc  -g -O2 -fPIC -Wall -Wsign-compare -Wfloat-equal -Wpointer-arith -Wcast-align -Wall -Werror _mkltmpyVFuHo.c -o _mkltmpyVFuHo.c.o  -L/home/manish/kafkastuff/node_modules/node-rdkafka/build/deps -lzstd
DBG 3336: compile check for libzstd (WITH_ZSTD) failed: gcc  -g -O2 -fPIC -Wall -Wsign-compare -Wfloat-equal -Wpointer-arith -Wcast-align -Wall -Werror _mkltmpyVFuHo.c -o _mkltmpyVFuHo.c.o  -L/home/manish/kafkastuff/node_modules/node-rdkafka/build/deps -lzstd: _mkltmpyVFuHo.c:2:10: fatal error: zstd.h: No such file or directory
    2 | #include <zstd.h>
      |          ^~~~~~~~
compilation terminated.
DBG 3336: Setting libzstd (libzstd) status to failed (action disable)
DBG 3336: Check libzstd (WITH_ZSTD, action disable (originally disable)) failed: compile check failed:
CC: CC
flags: -lzstd
gcc  -g -O2 -fPIC -Wall -Wsign-compare -Wfloat-equal -Wpointer-arith -Wcast-align -Wall -Werror _mkltmpyVFuHo.c -o _mkltmpyVFuHo.c.o  -L/home/manish/kafkastuff/node_modules/node-rdkafka/build/deps -lzstd:
_mkltmpyVFuHo.c:2:10: fatal error: zstd.h: No such file or directory
    2 | #include <zstd.h>
      |          ^~~~~~~~
compilation terminated.
source: 
#include <zstd.h>
#include <zstd_errors.h>

void foo (void) {
     ZSTD_getFrameContentSize(NULL, 0);
}

DBG 3336: libm: Check for static library (libs -lm, arfile variable STATIC_LIB_libm=, static filenames )
DBG 3336: Compile check libm () (sub=0): gcc  -g -O2 -fPIC -Wall -Wsign-compare -Wfloat-equal -Wpointer-arith -Wcast-align -Wall -Werror _mkltmpPIQDU6.c -o _mkltmpPIQDU6.c.o  -L/home/manish/kafkastuff/node_modules/node-rdkafka/build/deps -lm
DBG 3336: Setting libm (libm) status to ok (action disable)
DBG 3336: libm: from lib_check: LIBS: prepend -lm
DBG 3336: liblz4: Check for static library (libs -llz4, arfile variable STATIC_LIB_liblz4=, static filenames liblz4.a)
DBG 3336: Compile check liblz4 (WITH_LZ4_EXT) (sub=0): gcc  -g -O2 -fPIC -Wall -Wsign-compare -Wfloat-equal -Wpointer-arith -Wcast-align -Wall -Werror _mkltmpyS22Z0.c -o _mkltmpyS22Z0.c.o  -L/home/manish/kafkastuff/node_modules/node-rdkafka/build/deps -llz4
DBG 3336: compile check for liblz4 (WITH_LZ4_EXT) failed: gcc  -g -O2 -fPIC -Wall -Wsign-compare -Wfloat-equal -Wpointer-arith -Wcast-align -Wall -Werror _mkltmpyS22Z0.c -o _mkltmpyS22Z0.c.o  -L/home/manish/kafkastuff/node_modules/node-rdkafka/build/deps -llz4: _mkltmpyS22Z0.c:1:10: fatal error: lz4frame.h: No such file or directory
    1 | #include <lz4frame.h>
      |          ^~~~~~~~~~~~
compilation terminated.
DBG 3336: Setting liblz4 (liblz4) status to failed (action disable)
DBG 3336: Check liblz4 (WITH_LZ4_EXT, action disable (originally disable)) failed: compile check failed:
CC: CC
flags: -llz4
gcc  -g -O2 -fPIC -Wall -Wsign-compare -Wfloat-equal -Wpointer-arith -Wcast-align -Wall -Werror _mkltmpyS22Z0.c -o _mkltmpyS22Z0.c.o  -L/home/manish/kafkastuff/node_modules/node-rdkafka/build/deps -llz4:
_mkltmpyS22Z0.c:1:10: fatal error: lz4frame.h: No such file or directory
    1 | #include <lz4frame.h>
      |          ^~~~~~~~~~~~
compilation terminated.
source: #include <lz4frame.h>
DBG 3336: Compile check rapidjson (WITH_RAPIDJSON) (sub=0): g++  -g -O2 -fPIC -Wall -Wsign-compare -Wfloat-equal -Wpointer-arith -Wcast-align -Wall -Werror _mkltmpZ0gduu.cpp -o _mkltmpZ0gduu.cpp.o  -L/home/manish/kafkastuff/node_modules/node-rdkafka/build/deps 
DBG 3336: compile check for rapidjson (WITH_RAPIDJSON) failed: g++  -g -O2 -fPIC -Wall -Wsign-compare -Wfloat-equal -Wpointer-arith -Wcast-align -Wall -Werror _mkltmpZ0gduu.cpp -o _mkltmpZ0gduu.cpp.o  -L/home/manish/kafkastuff/node_modules/node-rdkafka/build/deps : _mkltmpZ0gduu.cpp:1:10: fatal error: rapidjson/schema.h: No such file or directory
    1 | #include <rapidjson/schema.h>
      |          ^~~~~~~~~~~~~~~~~~~~
compilation terminated.
DBG 3336: Setting rapidjson (rapidjson) status to failed (action disable)
DBG 3336: Check rapidjson (WITH_RAPIDJSON, action disable (originally disable)) failed: compile check failed:
CC: CXX
flags: 
g++  -g -O2 -fPIC -Wall -Wsign-compare -Wfloat-equal -Wpointer-arith -Wcast-align -Wall -Werror _mkltmpZ0gduu.cpp -o _mkltmpZ0gduu.cpp.o  -L/home/manish/kafkastuff/node_modules/node-rdkafka/build/deps :
_mkltmpZ0gduu.cpp:1:10: fatal error: rapidjson/schema.h: No such file or directory
    1 | #include <rapidjson/schema.h>
      |          ^~~~~~~~~~~~~~~~~~~~
compilation terminated.
source: #include <rapidjson/schema.h>
DBG 3336: Compile check crc32chw (WITH_CRC32C_HW) (sub=0): gcc  -g -O2 -fPIC -Wall -Wsign-compare -Wfloat-equal -Wpointer-arith -Wcast-align -Wall -Werror _mkltmpnjqf0h.c -o _mkltmpnjqf0h.c.o  -L/home/manish/kafkastuff/node_modules/node-rdkafka/build/deps 
DBG 3336: Setting crc32chw (crc32chw) status to ok (action disable)
DBG 3336: Compile check regex (HAVE_REGEX) (sub=0): gcc  -g -O2 -fPIC -Wall -Wsign-compare -Wfloat-equal -Wpointer-arith -Wcast-align -Wall -Werror _mkltmpRHhW5N.c -o _mkltmpRHhW5N.c.o  -L/home/manish/kafkastuff/node_modules/node-rdkafka/build/deps 
DBG 3336: Setting regex (regex) status to ok (action disable)
DBG 3336: Compile check strndup (HAVE_STRNDUP) (sub=0): gcc  -g -O2 -fPIC -Wall -Wsign-compare -Wfloat-equal -Wpointer-arith -Wcast-align -Wall -Werror _mkltmprRaoXA.c -o _mkltmprRaoXA.c.o  -L/home/manish/kafkastuff/node_modules/node-rdkafka/build/deps 
DBG 3336: Setting strndup (strndup) status to ok (action disable)
DBG 3336: Compile check strlcpy (HAVE_STRLCPY) (sub=0): gcc  -g -O2 -fPIC -Wall -Wsign-compare -Wfloat-equal -Wpointer-arith -Wcast-align -Wall -Werror _mkltmpThcd3D.c -o _mkltmpThcd3D.c.o  -L/home/manish/kafkastuff/node_modules/node-rdkafka/build/deps 
DBG 3336: compile check for strlcpy (HAVE_STRLCPY) failed: gcc  -g -O2 -fPIC -Wall -Wsign-compare -Wfloat-equal -Wpointer-arith -Wcast-align -Wall -Werror _mkltmpThcd3D.c -o _mkltmpThcd3D.c.o  -L/home/manish/kafkastuff/node_modules/node-rdkafka/build/deps : _mkltmpThcd3D.c: In function ‘foo’:
_mkltmpThcd3D.c:6:11: error: implicit declaration of function ‘strlcpy’; did you mean ‘strncpy’? [-Werror=implicit-function-declaration]
    6 |    return strlcpy(dest, "something", sizeof(dest));
      |           ^~~~~~~
      |           strncpy
cc1: all warnings being treated as errors
DBG 3336: Setting strlcpy (strlcpy) status to failed (action disable)
DBG 3336: Check strlcpy (HAVE_STRLCPY, action disable (originally disable)) failed: compile check failed:
CC: CC
flags: 
gcc  -g -O2 -fPIC -Wall -Wsign-compare -Wfloat-equal -Wpointer-arith -Wcast-align -Wall -Werror _mkltmpThcd3D.c -o _mkltmpThcd3D.c.o  -L/home/manish/kafkastuff/node_modules/node-rdkafka/build/deps :
_mkltmpThcd3D.c: In function ‘foo’:
_mkltmpThcd3D.c:6:11: error: implicit declaration of function ‘strlcpy’; did you mean ‘strncpy’? [-Werror=implicit-function-declaration]
    6 |    return strlcpy(dest, "something", sizeof(dest));
      |           ^~~~~~~
      |           strncpy
cc1: all warnings being treated as errors
source: 
#define _DARWIN_C_SOURCE
#include <string.h>
int foo (void) {
    char dest[4];
   return strlcpy(dest, "something", sizeof(dest));
}
DBG 3336: Compile check strerror_r (HAVE_STRERROR_R) (sub=0): gcc  -g -O2 -fPIC -Wall -Wsign-compare -Wfloat-equal -Wpointer-arith -Wcast-align -Wall -Werror _mkltmpHIgwH0.c -o _mkltmpHIgwH0.c.o  -L/home/manish/kafkastuff/node_modules/node-rdkafka/build/deps 
DBG 3336: Setting strerror_r (strerror_r) status to ok (action disable)
DBG 3336: Compile check pthread_setname_gnu (HAVE_PTHREAD_SETNAME_GNU) (sub=0): gcc  -g -O2 -fPIC -Wall -Wsign-compare -Wfloat-equal -Wpointer-arith -Wcast-align -Wall -Werror _mkltmp6AqwQi.c -o _mkltmp6AqwQi.c.o  -L/home/manish/kafkastuff/node_modules/node-rdkafka/build/deps -D_GNU_SOURCE -lpthread
DBG 3336: Setting pthread_setname_gnu (pthread_setname_gnu) status to ok (action disable)
DBG 3336: Setting nm (nm) status to ok (action cont)
DBG 3336: python: HAVE_PYTHON: python -V failed: mklove/modules/configure.base: line 1711: python: command not found
DBG 3336: Setting python (python) status to failed (action disable)
DBG 3336: Check python (HAVE_PYTHON, action disable (originally disable)) failed: command 'python -V' failed:
mklove/modules/configure.base: line 1711: python: command not found
disabling linker-script since python is not available
DBG 3336: Compile check getrusage (HAVE_GETRUSAGE) (sub=0): gcc  -g -O2 -fPIC -Wall -Wsign-compare -Wfloat-equal -Wpointer-arith -Wcast-align -Wall -Werror _mkltmpcDMaks.c -o _mkltmpcDMaks.c.o  -L/home/manish/kafkastuff/node_modules/node-rdkafka/build/deps 
DBG 3336: Setting getrusage (getrusage) status to ok (action disable)
